<?xml version="1.0" encoding="UTF-8"?>
<!-- Generated by org.testng.reporters.JUnitXMLReporter -->
<testsuite ignored="0" hostname="DESKTOP-QJN7LP8" failures="0" tests="3" name="Default test" time="39.886" errors="0" timestamp="11 May 2024 02:20:21 GMT">
  <testcase classname="tests.LoginTest" name="checkRememberMeTC_003" time="10.024"/>
  <testcase classname="tests.LoginTest" name="loginErrorMessageCheck_TC001" time="4.475"/>
  <testcase classname="tests.LoginTest" name="loginWithValidCredentials_TC002" time="8.153"/>
</testsuite> <!-- Default test -->
