<?xml version="1.0" encoding="UTF-8"?>
<!-- Generated by org.testng.reporters.JUnitXMLReporter -->
<testsuite ignored="4" hostname="DESKTOP-QJN7LP8" failures="0" tests="1" name="Default test" time="22.376" errors="0" timestamp="07 Jun 2024 16:06:25 GMT">
  <testcase classname="tests.LoginTest" name="loginWithValidCredentials_TC02" time="11.687"/>
  <testcase classname="tests.LoginTest" name="forgotPasswordTC_04B" time="0.0">
    <ignored/>
  </testcase> <!-- forgotPasswordTC_04B -->
  <testcase classname="tests.LoginTest" name="loginErrorMessageCheck_TC01" time="0.0">
    <ignored/>
  </testcase> <!-- loginErrorMessageCheck_TC01 -->
  <testcase classname="tests.LoginTest" name="forgotPasswordTC_04" time="0.0">
    <ignored/>
  </testcase> <!-- forgotPasswordTC_04 -->
  <testcase classname="tests.LoginTest" name="checkRememberMeTC_03" time="0.0">
    <ignored/>
  </testcase> <!-- checkRememberMeTC_03 -->
</testsuite> <!-- Default test -->
