<?xml version="1.0" encoding="UTF-8"?>
<testng-results ignored="4" total="5" passed="1" failed="0" skipped="0">
  <reporter-output>
  </reporter-output>
  <suite started-at="2024-06-07T16:06:02Z" name="Default suite" finished-at="2024-06-07T16:06:25Z" duration-ms="22376">
    <groups>
    </groups>
    <test started-at="2024-06-07T16:06:02Z" name="Default test" finished-at="2024-06-07T16:06:25Z" duration-ms="22376">
      <class name="tests.LoginTest">
        <test-method is-config="true" signature="doConfiguration()[pri:0, instance:tests.LoginTest@35fe2125]" started-at="2024-06-07T11:06:02Z" name="doConfiguration" finished-at="2024-06-07T11:06:02Z" duration-ms="522" status="PASS">
          <reporter-output>
          </reporter-output>
        </test-method> <!-- doConfiguration -->
        <test-method is-config="true" signature="preCondtions(java.lang.reflect.Method)[pri:0, instance:tests.LoginTest@35fe2125]" started-at="2024-06-07T11:06:02Z" name="preCondtions" finished-at="2024-06-07T11:06:13Z" duration-ms="10200" status="PASS">
          <params>
            <param index="0">
              <value>
                <![CDATA[public void tests.LoginTest.loginWithValidCredentials_TC02() throws java.io.IOException]]>
              </value>
            </param>
          </params>
          <reporter-output>
          </reporter-output>
        </test-method> <!-- preCondtions -->
        <test-method signature="loginWithValidCredentials_TC02()[pri:0, instance:tests.LoginTest@35fe2125]" started-at="2024-06-07T11:06:13Z" name="loginWithValidCredentials_TC02" finished-at="2024-06-07T11:06:24Z" duration-ms="11687" status="PASS">
          <reporter-output>
          </reporter-output>
        </test-method> <!-- loginWithValidCredentials_TC02 -->
        <test-method is-config="true" signature="postCondtions()[pri:0, instance:tests.LoginTest@35fe2125]" started-at="2024-06-07T11:06:24Z" name="postCondtions" finished-at="2024-06-07T11:06:25Z" duration-ms="458" status="PASS">
          <reporter-output>
          </reporter-output>
        </test-method> <!-- postCondtions -->
        <test-method is-config="true" signature="tearDownConfig()[pri:0, instance:tests.LoginTest@35fe2125]" started-at="2024-06-07T11:06:25Z" name="tearDownConfig" finished-at="2024-06-07T11:06:26Z" duration-ms="908" status="PASS">
          <reporter-output>
          </reporter-output>
        </test-method> <!-- tearDownConfig -->
      </class> <!-- tests.LoginTest -->
    </test> <!-- Default test -->
  </suite> <!-- Default suite -->
</testng-results>
